Case #1: 1 0
Case #2: 1 1
Case #3: 1 1
Case #4: 0 0
Case #5: 500 500
Case #6: 0 0
Case #7: 0 0
Case #8: 0 0
Case #9: 2 1
Case #10: 0 0
Case #11: 1 1
Case #12: 0 0
Case #13: 0 0
Case #14: 0 0
Case #15: 0 0
Case #16: 0 0
Case #17: 0 0
Case #18: 0 0
Case #19: 0 0
Case #20: 0 0
Case #21: 0 0
Case #22: 0 0
Case #23: 0 0
Case #24: 0 0
Case #25: 0 0
Case #26: 0 0
Case #27: 125 124
Case #28: 250 250
Case #29: 0 0
Case #30: 0 0
Case #31: 0 0
Case #32: 0 0
Case #33: 2 1
Case #34: 0 0
Case #35: 0 0
Case #36: 3 3
Case #37: 0 0
Case #38: 0 0
Case #39: 3 3
Case #40: 250 249
Case #41: 0 0
Case #42: 0 0
Case #43: 0 0
Case #44: 1 1
Case #45: 3 2
Case #46: 1 1
Case #47: 250 249
Case #48: 0 0
Case #49: 0 0
Case #50: 0 0
Case #51: 0 0
Case #52: 0 0
Case #53: 0 0
Case #54: 0 0
Case #55: 0 0
Case #56: 0 0
Case #57: 0 0
Case #58: 0 0
Case #59: 0 0
Case #60: 0 0
Case #61: 0 0
Case #62: 0 0
Case #63: 0 0
Case #64: 0 0
Case #65: 0 0
Case #66: 0 0
Case #67: 0 0
Case #68: 0 0
Case #69: 0 0
Case #70: 0 0
Case #71: 0 0
Case #72: 3 3
Case #73: 0 0
Case #74: 2 2
Case #75: 0 0
Case #76: 0 0
Case #77: 0 0
Case #78: 2 1
Case #79: 0 0
Case #80: 0 0
Case #81: 0 0
Case #82: 0 0
Case #83: 1 1
Case #84: 1 1
Case #85: 0 0
Case #86: 0 0
Case #87: 0 0
Case #88: 3 3
Case #89: 500 499
Case #90: 0 0
Case #91: 1 1
Case #92: 2 1
Case #93: 0 0
Case #94: 0 0
Case #95: 0 0
Case #96: 0 0
Case #97: 0 0
Case #98: 0 0
Case #99: 1 1
Case #100: 0 0