Case #1: 1 0
Case #2: 1 0
Case #3: 1 1
Case #4: 0 0
Case #5: 500 499
Case #6: 0 0
Case #7: 0 0
Case #8: 0 0
Case #9: 2 2
Case #10: 0 0
Case #11: 0 0
Case #12: 0 0
Case #13: 3 3
Case #14: 0 0
Case #15: 0 0
Case #16: 0 0
Case #17: 250 249
Case #18: 0 0
Case #19: 0 0
Case #20: 249 249
Case #21: 0 0
Case #22: 3 3
Case #23: 0 0
Case #24: 0 0
Case #25: 0 0
Case #26: 0 0
Case #27: 0 0
Case #28: 250 249
Case #29: 0 0
Case #30: 0 0
Case #31: 0 0
Case #32: 0 0
Case #33: 0 0
Case #34: 1 0
Case #35: 0 0
Case #36: 0 0
Case #37: 1 1
Case #38: 1 1
Case #39: 0 0
Case #40: 0 0
Case #41: 3 3
Case #42: 0 0
Case #43: 0 0
Case #44: 0 0
Case #45: 0 0
Case #46: 0 0
Case #47: 0 0
Case #48: 0 0
Case #49: 0 0
Case #50: 0 0
Case #51: 0 0
Case #52: 499 499
Case #53: 1 1
Case #54: 0 0
Case #55: 0 0
Case #56: 3 3
Case #57: 0 0
Case #58: 2 1
Case #59: 0 0
Case #60: 0 0
Case #61: 2 1
Case #62: 0 0
Case #63: 0 0
Case #64: 0 0
Case #65: 0 0
Case #66: 0 0
Case #67: 0 0
Case #68: 0 0
Case #69: 0 0
Case #70: 0 0
Case #71: 0 0
Case #72: 0 0
Case #73: 0 0
Case #74: 0 0
Case #75: 1 1
Case #76: 0 0
Case #77: 0 0
Case #78: 0 0
Case #79: 0 0
Case #80: 0 0
Case #81: 0 0
Case #82: 0 0
Case #83: 0 0
Case #84: 0 0
Case #85: 0 0
Case #86: 0 0
Case #87: 1 1
Case #88: 0 0
Case #89: 0 0
Case #90: 0 0
Case #91: 1 1
Case #92: 2 1
Case #93: 1 1
Case #94: 125 124
Case #95: 0 0
Case #96: 0 0
Case #97: 0 0
Case #98: 0 0
Case #99: 1 1
Case #100: 0 0