Case #1: 1 0
Case #2: 1 0
Case #3: 1 1
Case #4: 0 0
Case #5: 500 499
Case #6: 3906250000000000 3906249999999999
Case #7: 1 1
Case #8: 7812500000000000 7812500000000000
Case #9: 0 0
Case #10: 1 0
Case #11: 2 1
Case #12: 3906250000000000 3906249999999999
Case #13: 0 0
Case #14: 0 0
Case #15: 0 0
Case #16: 1 0
Case #17: 0 0
Case #18: 0 0
Case #19: 2 2
Case #20: 250000000000000000 250000000000000000
Case #21: 0 0
Case #22: 0 0
Case #23: 0 0
Case #24: 0 0
Case #25: 0 0
Case #26: 1 1
Case #27: 0 0
Case #28: 0 0
Case #29: 0 0
Case #30: 0 0
Case #31: 0 0
Case #32: 1 0
Case #33: 7812500000000000 7812500000000000
Case #34: 1 1
Case #35: 0 0
Case #36: 0 0
Case #37: 0 0
Case #38: 250000000000000000 250000000000000000
Case #39: 0 0
Case #40: 0 0
Case #41: 2 2
Case #42: 0 0
Case #43: 0 0
Case #44: 1 1
Case #45: 1 0
Case #46: 1 0
Case #47: 0 0
Case #48: 1 0
Case #49: 1 0
Case #50: 0 0
Case #51: 0 0
Case #52: 0 0
Case #53: 1 0
Case #54: 1 1
Case #55: 125000000000000000 125000000000000000
Case #56: 0 0
Case #57: 0 0
Case #58: 0 0
Case #59: 1 0
Case #60: 2 2
Case #61: 1 0
Case #62: 2 2
Case #63: 0 0
Case #64: 0 0
Case #65: 0 0
Case #66: 1 0
Case #67: 1 0
Case #68: 0 0
Case #69: 0 0
Case #70: 0 0
Case #71: 250000000000000000 250000000000000000
Case #72: 0 0
Case #73: 0 0
Case #74: 1 1
Case #75: 1 0
Case #76: 0 0
Case #77: 0 0
Case #78: 1953125000000000 1953124999999999
Case #79: 0 0
Case #80: 1 0
Case #81: 500000000000000000 500000000000000000
Case #82: 1 1
Case #83: 0 0
Case #84: 1 0
Case #85: 1 0
Case #86: 0 0
Case #87: 0 0
Case #88: 1 1
Case #89: 1 0
Case #90: 1 0
Case #91: 1 1
Case #92: 1 0
Case #93: 3906249999999999 3906249999999999
Case #94: 0 0
Case #95: 1 1
Case #96: 500000000000000000 500000000000000000
Case #97: 0 0
Case #98: 0 0
Case #99: 0 0
Case #100: 0 0